This is pdfTeX, Version 3.141592653-2.6-1.40.27 (TeX Live 2025/Homebrew) (preloaded format=pdflatex 2025.10.11)  29 OCT 2025 14:06
entering extended mode
 restricted \write18 enabled.
 file:line:error style messages enabled.
 %&-line parsing enabled.
**"/Users/david/Documents/Facultate/An_3/Sem_1/Cercetare/Calculating People's Attractiveness.tex"
(/Users/david/Documents/Facultate/An_3/Sem_1/Cercetare/Calculating People's Attractiveness.tex
LaTeX2e <2024-11-01> patch level 2
L3 programming layer <2025-01-18>
(/usr/local/Cellar/texlive/20250308_1/share/texmf-dist/tex/latex/base/article.cls
Document Class: article 2024/06/29 v1.4n Standard LaTeX document class
(/usr/local/Cellar/texlive/20250308_1/share/texmf-dist/tex/latex/base/size10.clo
File: size10.clo 2024/06/29 v1.4n Standard LaTeX file (size option)
)
\c@part=\count196
\c@section=\count197
\c@subsection=\count198
\c@subsubsection=\count199
\c@paragraph=\count266
\c@subparagraph=\count267
\c@figure=\count268
\c@table=\count269
\abovecaptionskip=\skip49
\belowcaptionskip=\skip50
\bibindent=\dimen141
) (/usr/local/Cellar/texlive/20250308_1/share/texmf-dist/tex/latex/natbib/natbib.sty
Package: natbib 2010/09/13 8.31b (PWD, AO)
\bibhang=\skip51
\bibsep=\skip52
LaTeX Info: Redefining \cite on input line 694.
\c@NAT@ctr=\count270
) (/usr/local/Cellar/texlive/20250308_1/share/texmf-dist/tex/latex/base/inputenc.sty
Package: inputenc 2024/02/08 v1.3d Input encoding file
\inpenc@prehook=\toks17
\inpenc@posthook=\toks18
) (/usr/local/Cellar/texlive/20250308_1/share/texmf-dist/tex/latex/l3backend/l3backend-pdftex.def
File: l3backend-pdftex.def 2024-05-08 L3 backend support: PDF output (pdfTeX)
\l__color_backend_stack_int=\count271
\l__pdf_internal_box=\box52
) (./Calculating People's Attractiveness.aux)
\openout1 = `"Calculating People's Attractiveness.aux"'.

LaTeX Font Info:    Checking defaults for OML/cmm/m/it on input line 5.
LaTeX Font Info:    ... okay on input line 5.
LaTeX Font Info:    Checking defaults for OMS/cmsy/m/n on input line 5.
LaTeX Font Info:    ... okay on input line 5.
LaTeX Font Info:    Checking defaults for OT1/cmr/m/n on input line 5.
LaTeX Font Info:    ... okay on input line 5.
LaTeX Font Info:    Checking defaults for T1/cmr/m/n on input line 5.
LaTeX Font Info:    ... okay on input line 5.
LaTeX Font Info:    Checking defaults for TS1/cmr/m/n on input line 5.
LaTeX Font Info:    ... okay on input line 5.
LaTeX Font Info:    Checking defaults for OMX/cmex/m/n on input line 5.
LaTeX Font Info:    ... okay on input line 5.
LaTeX Font Info:    Checking defaults for U/cmr/m/n on input line 5.
LaTeX Font Info:    ... okay on input line 5.
LaTeX Font Info:    External font `cmex10' loaded for size
(Font)              <12> on input line 11.
LaTeX Font Info:    External font `cmex10' loaded for size
(Font)              <8> on input line 11.
LaTeX Font Info:    External font `cmex10' loaded for size
(Font)              <6> on input line 11.


LaTeX Warning: No \author given.



[1

{/usr/local/Cellar/texlive/20250308_1/share/texmf-dist/fonts/map/pdftex/updmap/pdftex.map}]
Overfull \hbox (12.77638pt too wide) in paragraph at lines 43--44
\OT1/cmr/bx/n/14.4 mans us-ing 881 judge-ments of men and women's
 []


Overfull \hbox (2.14793pt too wide) in paragraph at lines 55--56
[]\OT1/cmr/bx/n/14.4 Virtual speed dat-ing: Uti-liz-ing online-meeting
 []



[2]
Overfull \hbox (2.94507pt too wide) in paragraph at lines 65--66
[]\OT1/cmr/m/n/10 Description: Par-tic-i-pants were ex-posed to record-ings of in-di-vid-u-als through
 []


Overfull \hbox (2.89134pt too wide) in paragraph at lines 67--68
[]\OT1/cmr/bx/n/14.4 Romantic At-trac-tion (Chap-ter 4 from The Sci-
 []


Overfull \hbox (16.24797pt too wide) in paragraph at lines 73--74
[]\OT1/cmr/bx/n/14.4 Methods to im-prove re-li-a-bil-ity of video-recorded
 []



[3]
Overfull \hbox (12.2507pt too wide) in paragraph at lines 89--90
\OT1/cmr/m/n/10 and cross-modal in-ter-ac-tions and can im-prove mul-ti-modal sen-ti-ment/emotion
 []


Overfull \hbox (7.64635pt too wide) in paragraph at lines 91--92
\OT1/cmr/bx/n/14.4 ing Win-dow At-ten-tion and High-Response Fea-
 []



[4] (./Calculating People's Attractiveness.bbl

[5])

[6] (./Calculating People's Attractiveness.aux)
 ***********
LaTeX2e <2024-11-01> patch level 2
L3 programming layer <2025-01-18>
 ***********
 ) 
Here is how much of TeX's memory you used:
 905 strings out of 473190
 15978 string characters out of 5705897
 411355 words of memory out of 5000000
 24216 multiletter control sequences out of 15000+600000
 563131 words of font info for 50 fonts, out of 8000000 for 9000
 1141 hyphenation exceptions out of 8191
 35i,6n,50p,1283b,243s stack positions out of 10000i,1000n,20000p,200000b,200000s
</usr/local/Cellar/texlive/20250308_1/share/texmf-dist/fonts/type1/public/amsfonts/cm/cmbx12.pfb></usr/local/Cellar/texlive/20250308_1/share/texmf-dist/fonts/type1/public/amsfonts/cm/cmr10.pfb></usr/local/Cellar/texlive/20250308_1/share/texmf-dist/fonts/type1/public/amsfonts/cm/cmr12.pfb></usr/local/Cellar/texlive/20250308_1/share/texmf-dist/fonts/type1/public/amsfonts/cm/cmti10.pfb>
Output written on "Calculating People's Attractiveness.pdf" (6 pages, 86050 bytes).
PDF statistics:
 43 PDF objects out of 1000 (max. 8388607)
 26 compressed objects within 1 object stream
 0 named destinations out of 1000 (max. 500000)
 1 words of extra memory for PDF output out of 10000 (max. 10000000)

